<?xml version="1.0" encoding="UTF-8"?>
<testsuite xmlns:xsi="http://www.w3.org/2001/XMLSchema-instance" xsi:noNamespaceSchemaLocation="https://maven.apache.org/surefire/maven-surefire-plugin/xsd/surefire-test-report.xsd" name="com.passManager.pass.TestMainVerticle" time="0.155" tests="1" errors="0" skipped="0" failures="0">
  <properties>
    <property name="java.specification.version" value="17"/>
    <property name="sun.jnu.encoding" value="UTF-8"/>
    <property name="java.class.path" value="/Users/gk_shri/IdeaProjects/passManager/target/test-classes:/Users/gk_shri/IdeaProjects/passManager/target/classes:/Users/gk_shri/.m2/repository/io/vertx/vertx-web-client/4.5.1/vertx-web-client-4.5.1.jar:/Users/gk_shri/.m2/repository/io/vertx/vertx-uri-template/4.5.1/vertx-uri-template-4.5.1.jar:/Users/gk_shri/.m2/repository/io/vertx/vertx-web-common/4.5.1/vertx-web-common-4.5.1.jar:/Users/gk_shri/.m2/repository/io/vertx/vertx-auth-common/4.5.1/vertx-auth-common-4.5.1.jar:/Users/gk_shri/.m2/repository/io/vertx/vertx-core/4.5.1/vertx-core-4.5.1.jar:/Users/gk_shri/.m2/repository/io/netty/netty-common/4.1.103.Final/netty-common-4.1.103.Final.jar:/Users/gk_shri/.m2/repository/io/netty/netty-buffer/4.1.103.Final/netty-buffer-4.1.103.Final.jar:/Users/gk_shri/.m2/repository/io/netty/netty-transport/4.1.103.Final/netty-transport-4.1.103.Final.jar:/Users/gk_shri/.m2/repository/io/netty/netty-handler/4.1.103.Final/netty-handler-4.1.103.Final.jar:/Users/gk_shri/.m2/repository/io/netty/netty-transport-native-unix-common/4.1.103.Final/netty-transport-native-unix-common-4.1.103.Final.jar:/Users/gk_shri/.m2/repository/io/netty/netty-codec/4.1.103.Final/netty-codec-4.1.103.Final.jar:/Users/gk_shri/.m2/repository/io/netty/netty-handler-proxy/4.1.103.Final/netty-handler-proxy-4.1.103.Final.jar:/Users/gk_shri/.m2/repository/io/netty/netty-codec-socks/4.1.103.Final/netty-codec-socks-4.1.103.Final.jar:/Users/gk_shri/.m2/repository/io/netty/netty-codec-http/4.1.103.Final/netty-codec-http-4.1.103.Final.jar:/Users/gk_shri/.m2/repository/io/netty/netty-codec-http2/4.1.103.Final/netty-codec-http2-4.1.103.Final.jar:/Users/gk_shri/.m2/repository/io/netty/netty-resolver/4.1.103.Final/netty-resolver-4.1.103.Final.jar:/Users/gk_shri/.m2/repository/io/netty/netty-resolver-dns/4.1.103.Final/netty-resolver-dns-4.1.103.Final.jar:/Users/gk_shri/.m2/repository/io/netty/netty-codec-dns/4.1.103.Final/netty-codec-dns-4.1.103.Final.jar:/Users/gk_shri/.m2/repository/com/fasterxml/jackson/core/jackson-core/2.15.3/jackson-core-2.15.3.jar:/Users/gk_shri/.m2/repository/io/vertx/vertx-web/4.5.1/vertx-web-4.5.1.jar:/Users/gk_shri/.m2/repository/io/vertx/vertx-bridge-common/4.5.1/vertx-bridge-common-4.5.1.jar:/Users/gk_shri/.m2/repository/io/vertx/vertx-junit5/4.5.1/vertx-junit5-4.5.1.jar:/Users/gk_shri/.m2/repository/org/junit/jupiter/junit-jupiter-params/5.8.2/junit-jupiter-params-5.8.2.jar:/Users/gk_shri/.m2/repository/org/junit/jupiter/junit-jupiter-api/5.9.1/junit-jupiter-api-5.9.1.jar:/Users/gk_shri/.m2/repository/org/opentest4j/opentest4j/1.2.0/opentest4j-1.2.0.jar:/Users/gk_shri/.m2/repository/org/junit/platform/junit-platform-commons/1.9.1/junit-platform-commons-1.9.1.jar:/Users/gk_shri/.m2/repository/org/apiguardian/apiguardian-api/1.1.2/apiguardian-api-1.1.2.jar:/Users/gk_shri/.m2/repository/org/junit/jupiter/junit-jupiter-engine/5.9.1/junit-jupiter-engine-5.9.1.jar:/Users/gk_shri/.m2/repository/org/junit/platform/junit-platform-engine/1.9.1/junit-platform-engine-1.9.1.jar:"/>
    <property name="java.vm.vendor" value="Eclipse Adoptium"/>
    <property name="sun.arch.data.model" value="64"/>
    <property name="java.vendor.url" value="https://adoptium.net/"/>
    <property name="os.name" value="Mac OS X"/>
    <property name="java.vm.specification.version" value="17"/>
    <property name="sun.java.launcher" value="SUN_STANDARD"/>
    <property name="user.country" value="IN"/>
    <property name="sun.boot.library.path" value="/Library/Java/JavaVirtualMachines/temurin-17.jdk/Contents/Home/lib"/>
    <property name="sun.java.command" value="/Users/gk_shri/IdeaProjects/passManager/target/surefire/surefirebooter18372933073140641176.jar /Users/gk_shri/IdeaProjects/passManager/target/surefire 2024-01-30T13-51-04_276-jvmRun1 surefire16204859356727823418tmp surefire_02895396144679824910tmp"/>
    <property name="jdk.debug" value="release"/>
    <property name="surefire.test.class.path" value="/Users/gk_shri/IdeaProjects/passManager/target/test-classes:/Users/gk_shri/IdeaProjects/passManager/target/classes:/Users/gk_shri/.m2/repository/io/vertx/vertx-web-client/4.5.1/vertx-web-client-4.5.1.jar:/Users/gk_shri/.m2/repository/io/vertx/vertx-uri-template/4.5.1/vertx-uri-template-4.5.1.jar:/Users/gk_shri/.m2/repository/io/vertx/vertx-web-common/4.5.1/vertx-web-common-4.5.1.jar:/Users/gk_shri/.m2/repository/io/vertx/vertx-auth-common/4.5.1/vertx-auth-common-4.5.1.jar:/Users/gk_shri/.m2/repository/io/vertx/vertx-core/4.5.1/vertx-core-4.5.1.jar:/Users/gk_shri/.m2/repository/io/netty/netty-common/4.1.103.Final/netty-common-4.1.103.Final.jar:/Users/gk_shri/.m2/repository/io/netty/netty-buffer/4.1.103.Final/netty-buffer-4.1.103.Final.jar:/Users/gk_shri/.m2/repository/io/netty/netty-transport/4.1.103.Final/netty-transport-4.1.103.Final.jar:/Users/gk_shri/.m2/repository/io/netty/netty-handler/4.1.103.Final/netty-handler-4.1.103.Final.jar:/Users/gk_shri/.m2/repository/io/netty/netty-transport-native-unix-common/4.1.103.Final/netty-transport-native-unix-common-4.1.103.Final.jar:/Users/gk_shri/.m2/repository/io/netty/netty-codec/4.1.103.Final/netty-codec-4.1.103.Final.jar:/Users/gk_shri/.m2/repository/io/netty/netty-handler-proxy/4.1.103.Final/netty-handler-proxy-4.1.103.Final.jar:/Users/gk_shri/.m2/repository/io/netty/netty-codec-socks/4.1.103.Final/netty-codec-socks-4.1.103.Final.jar:/Users/gk_shri/.m2/repository/io/netty/netty-codec-http/4.1.103.Final/netty-codec-http-4.1.103.Final.jar:/Users/gk_shri/.m2/repository/io/netty/netty-codec-http2/4.1.103.Final/netty-codec-http2-4.1.103.Final.jar:/Users/gk_shri/.m2/repository/io/netty/netty-resolver/4.1.103.Final/netty-resolver-4.1.103.Final.jar:/Users/gk_shri/.m2/repository/io/netty/netty-resolver-dns/4.1.103.Final/netty-resolver-dns-4.1.103.Final.jar:/Users/gk_shri/.m2/repository/io/netty/netty-codec-dns/4.1.103.Final/netty-codec-dns-4.1.103.Final.jar:/Users/gk_shri/.m2/repository/com/fasterxml/jackson/core/jackson-core/2.15.3/jackson-core-2.15.3.jar:/Users/gk_shri/.m2/repository/io/vertx/vertx-web/4.5.1/vertx-web-4.5.1.jar:/Users/gk_shri/.m2/repository/io/vertx/vertx-bridge-common/4.5.1/vertx-bridge-common-4.5.1.jar:/Users/gk_shri/.m2/repository/io/vertx/vertx-junit5/4.5.1/vertx-junit5-4.5.1.jar:/Users/gk_shri/.m2/repository/org/junit/jupiter/junit-jupiter-params/5.8.2/junit-jupiter-params-5.8.2.jar:/Users/gk_shri/.m2/repository/org/junit/jupiter/junit-jupiter-api/5.9.1/junit-jupiter-api-5.9.1.jar:/Users/gk_shri/.m2/repository/org/opentest4j/opentest4j/1.2.0/opentest4j-1.2.0.jar:/Users/gk_shri/.m2/repository/org/junit/platform/junit-platform-commons/1.9.1/junit-platform-commons-1.9.1.jar:/Users/gk_shri/.m2/repository/org/apiguardian/apiguardian-api/1.1.2/apiguardian-api-1.1.2.jar:/Users/gk_shri/.m2/repository/org/junit/jupiter/junit-jupiter-engine/5.9.1/junit-jupiter-engine-5.9.1.jar:/Users/gk_shri/.m2/repository/org/junit/platform/junit-platform-engine/1.9.1/junit-platform-engine-1.9.1.jar:"/>
    <property name="sun.cpu.endian" value="little"/>
    <property name="user.home" value="/Users/gk_shri"/>
    <property name="user.language" value="en"/>
    <property name="java.specification.vendor" value="Oracle Corporation"/>
    <property name="java.version.date" value="2022-10-18"/>
    <property name="java.home" value="/Library/Java/JavaVirtualMachines/temurin-17.jdk/Contents/Home"/>
    <property name="file.separator" value="/"/>
    <property name="basedir" value="/Users/gk_shri/IdeaProjects/passManager"/>
    <property name="java.vm.compressedOopsMode" value="Zero based"/>
    <property name="line.separator" value="&#10;"/>
    <property name="java.vm.specification.vendor" value="Oracle Corporation"/>
    <property name="java.specification.name" value="Java Platform API Specification"/>
    <property name="surefire.real.class.path" value="/Users/gk_shri/IdeaProjects/passManager/target/surefire/surefirebooter18372933073140641176.jar"/>
    <property name="sun.management.compiler" value="HotSpot 64-Bit Tiered Compilers"/>
    <property name="java.runtime.version" value="17.0.5+8"/>
    <property name="user.name" value="gk_shri"/>
    <property name="path.separator" value=":"/>
    <property name="os.version" value="14.3"/>
    <property name="java.runtime.name" value="OpenJDK Runtime Environment"/>
    <property name="file.encoding" value="UTF-8"/>
    <property name="java.vm.name" value="OpenJDK 64-Bit Server VM"/>
    <property name="java.vendor.version" value="Temurin-17.0.5+8"/>
    <property name="localRepository" value="/Users/gk_shri/.m2/repository"/>
    <property name="java.vendor.url.bug" value="https://github.com/adoptium/adoptium-support/issues"/>
    <property name="java.io.tmpdir" value="/var/folders/v6/2g_kddk93sd646cqkvymrh8m0000gn/T/"/>
    <property name="java.version" value="17.0.5"/>
    <property name="user.dir" value="/Users/gk_shri/IdeaProjects/passManager"/>
    <property name="os.arch" value="aarch64"/>
    <property name="java.vm.specification.name" value="Java Virtual Machine Specification"/>
    <property name="native.encoding" value="UTF-8"/>
    <property name="java.library.path" value="/Users/gk_shri/Library/Java/Extensions:/Library/Java/Extensions:/Network/Library/Java/Extensions:/System/Library/Java/Extensions:/usr/lib/java:."/>
    <property name="java.vm.info" value="mixed mode"/>
    <property name="java.vendor" value="Eclipse Adoptium"/>
    <property name="java.vm.version" value="17.0.5+8"/>
    <property name="sun.io.unicode.encoding" value="UnicodeBig"/>
    <property name="java.class.version" value="61.0"/>
  </properties>
  <testcase name="verticle_deployed{Vertx, VertxTestContext}" classname="com.passManager.pass.TestMainVerticle" time="0.152"/>
</testsuite>